make --dry-run --always-make --keep-going --print-directory
make: Entering directory '/home/lcm/github/spear/spear-code/code_coverage/CROMU_00001'
/home/lcm/github/toolchains/x86_64/clang+llvm-12.0.0-x86_64-linux-gnu-ubuntu-20.04/bin/clang
mkdir -p /home/lcm/github/spear/spear-code/code_coverage/CROMU_00001/build
echo "Compiling CROMU_00001/Src/libcgc.c"
mkdir -p /home/lcm/github/spear/spear-code/code_coverage/CROMU_00001/build/CROMU_00001/Src/
mkdir -p /home/lcm/github/spear/spear-code/code_coverage/CROMU_00001/intermediate_results
/home/lcm/github/toolchains/x86_64/clang+llvm-12.0.0-x86_64-linux-gnu-ubuntu-20.04/bin/clang   -O2  -I/home/lcm/github/spear/spear-code/code_coverage/CROMU_00001/Inc -S -emit-llvm -o /home/lcm/github/spear/spear-code/code_coverage/CROMU_00001/build/CROMU_00001/Src/libcgc.o_raw.ll /home/lcm/github/spear/spear-code/code_coverage/CROMU_00001/Src/libcgc.c
/home/lcm/github/toolchains/x86_64/clang+llvm-12.0.0-x86_64-linux-gnu-ubuntu-20.04/bin/opt -load /home/lcm/github/spear/spear-code/code_coverage/compiler/build/libCoverageInstrument.so --symbolize -o /home/lcm/github/spear/spear-code/code_coverage/CROMU_00001/build/CROMU_00001/Src/libcgc.o_ins.ll /home/lcm/github/spear/spear-code/code_coverage/CROMU_00001/build/CROMU_00001/Src/libcgc.o_raw.ll
/home/lcm/github/toolchains/x86_64/clang+llvm-12.0.0-x86_64-linux-gnu-ubuntu-20.04/bin/llc -filetype=obj -o /home/lcm/github/spear/spear-code/code_coverage/CROMU_00001/build/CROMU_00001/Src/libcgc.o /home/lcm/github/spear/spear-code/code_coverage/CROMU_00001/build/CROMU_00001/Src/libcgc.o_ins.ll
echo "Compiling CROMU_00001/Src/mymath.c"
mkdir -p /home/lcm/github/spear/spear-code/code_coverage/CROMU_00001/build/CROMU_00001/Src/
mkdir -p /home/lcm/github/spear/spear-code/code_coverage/CROMU_00001/intermediate_results
/home/lcm/github/toolchains/x86_64/clang+llvm-12.0.0-x86_64-linux-gnu-ubuntu-20.04/bin/clang   -O2  -I/home/lcm/github/spear/spear-code/code_coverage/CROMU_00001/Inc -S -emit-llvm -o /home/lcm/github/spear/spear-code/code_coverage/CROMU_00001/build/CROMU_00001/Src/mymath.o_raw.ll /home/lcm/github/spear/spear-code/code_coverage/CROMU_00001/Src/mymath.c
/home/lcm/github/toolchains/x86_64/clang+llvm-12.0.0-x86_64-linux-gnu-ubuntu-20.04/bin/opt -load /home/lcm/github/spear/spear-code/code_coverage/compiler/build/libCoverageInstrument.so --symbolize -o /home/lcm/github/spear/spear-code/code_coverage/CROMU_00001/build/CROMU_00001/Src/mymath.o_ins.ll /home/lcm/github/spear/spear-code/code_coverage/CROMU_00001/build/CROMU_00001/Src/mymath.o_raw.ll
/home/lcm/github/toolchains/x86_64/clang+llvm-12.0.0-x86_64-linux-gnu-ubuntu-20.04/bin/llc -filetype=obj -o /home/lcm/github/spear/spear-code/code_coverage/CROMU_00001/build/CROMU_00001/Src/mymath.o /home/lcm/github/spear/spear-code/code_coverage/CROMU_00001/build/CROMU_00001/Src/mymath.o_ins.ll
echo "Compiling CROMU_00001/Src/printf.c"
mkdir -p /home/lcm/github/spear/spear-code/code_coverage/CROMU_00001/build/CROMU_00001/Src/
mkdir -p /home/lcm/github/spear/spear-code/code_coverage/CROMU_00001/intermediate_results
/home/lcm/github/toolchains/x86_64/clang+llvm-12.0.0-x86_64-linux-gnu-ubuntu-20.04/bin/clang   -O2  -I/home/lcm/github/spear/spear-code/code_coverage/CROMU_00001/Inc -S -emit-llvm -o /home/lcm/github/spear/spear-code/code_coverage/CROMU_00001/build/CROMU_00001/Src/printf.o_raw.ll /home/lcm/github/spear/spear-code/code_coverage/CROMU_00001/Src/printf.c
/home/lcm/github/toolchains/x86_64/clang+llvm-12.0.0-x86_64-linux-gnu-ubuntu-20.04/bin/opt -load /home/lcm/github/spear/spear-code/code_coverage/compiler/build/libCoverageInstrument.so --symbolize -o /home/lcm/github/spear/spear-code/code_coverage/CROMU_00001/build/CROMU_00001/Src/printf.o_ins.ll /home/lcm/github/spear/spear-code/code_coverage/CROMU_00001/build/CROMU_00001/Src/printf.o_raw.ll
/home/lcm/github/toolchains/x86_64/clang+llvm-12.0.0-x86_64-linux-gnu-ubuntu-20.04/bin/llc -filetype=obj -o /home/lcm/github/spear/spear-code/code_coverage/CROMU_00001/build/CROMU_00001/Src/printf.o /home/lcm/github/spear/spear-code/code_coverage/CROMU_00001/build/CROMU_00001/Src/printf.o_ins.ll
echo "Compiling CROMU_00001/Src/service.c"
mkdir -p /home/lcm/github/spear/spear-code/code_coverage/CROMU_00001/build/CROMU_00001/Src/
mkdir -p /home/lcm/github/spear/spear-code/code_coverage/CROMU_00001/intermediate_results
/home/lcm/github/toolchains/x86_64/clang+llvm-12.0.0-x86_64-linux-gnu-ubuntu-20.04/bin/clang   -O2  -I/home/lcm/github/spear/spear-code/code_coverage/CROMU_00001/Inc -S -emit-llvm -o /home/lcm/github/spear/spear-code/code_coverage/CROMU_00001/build/CROMU_00001/Src/service.o_raw.ll /home/lcm/github/spear/spear-code/code_coverage/CROMU_00001/Src/service.c
/home/lcm/github/toolchains/x86_64/clang+llvm-12.0.0-x86_64-linux-gnu-ubuntu-20.04/bin/opt -load /home/lcm/github/spear/spear-code/code_coverage/compiler/build/libCoverageInstrument.so --symbolize -o /home/lcm/github/spear/spear-code/code_coverage/CROMU_00001/build/CROMU_00001/Src/service.o_ins.ll /home/lcm/github/spear/spear-code/code_coverage/CROMU_00001/build/CROMU_00001/Src/service.o_raw.ll
/home/lcm/github/toolchains/x86_64/clang+llvm-12.0.0-x86_64-linux-gnu-ubuntu-20.04/bin/llc -filetype=obj -o /home/lcm/github/spear/spear-code/code_coverage/CROMU_00001/build/CROMU_00001/Src/service.o /home/lcm/github/spear/spear-code/code_coverage/CROMU_00001/build/CROMU_00001/Src/service.o_ins.ll
echo "Compiling CROMU_00001/Src/stdlib.c"
mkdir -p /home/lcm/github/spear/spear-code/code_coverage/CROMU_00001/build/CROMU_00001/Src/
mkdir -p /home/lcm/github/spear/spear-code/code_coverage/CROMU_00001/intermediate_results
/home/lcm/github/toolchains/x86_64/clang+llvm-12.0.0-x86_64-linux-gnu-ubuntu-20.04/bin/clang   -O2  -I/home/lcm/github/spear/spear-code/code_coverage/CROMU_00001/Inc -S -emit-llvm -o /home/lcm/github/spear/spear-code/code_coverage/CROMU_00001/build/CROMU_00001/Src/stdlib.o_raw.ll /home/lcm/github/spear/spear-code/code_coverage/CROMU_00001/Src/stdlib.c
/home/lcm/github/toolchains/x86_64/clang+llvm-12.0.0-x86_64-linux-gnu-ubuntu-20.04/bin/opt -load /home/lcm/github/spear/spear-code/code_coverage/compiler/build/libCoverageInstrument.so --symbolize -o /home/lcm/github/spear/spear-code/code_coverage/CROMU_00001/build/CROMU_00001/Src/stdlib.o_ins.ll /home/lcm/github/spear/spear-code/code_coverage/CROMU_00001/build/CROMU_00001/Src/stdlib.o_raw.ll
/home/lcm/github/toolchains/x86_64/clang+llvm-12.0.0-x86_64-linux-gnu-ubuntu-20.04/bin/llc -filetype=obj -o /home/lcm/github/spear/spear-code/code_coverage/CROMU_00001/build/CROMU_00001/Src/stdlib.o /home/lcm/github/spear/spear-code/code_coverage/CROMU_00001/build/CROMU_00001/Src/stdlib.o_ins.ll
echo "Linking library"
/home/lcm/github/toolchains/x86_64/clang+llvm-12.0.0-x86_64-linux-gnu-ubuntu-20.04/bin/clang /home/lcm/github/spear/spear-code/code_coverage/CROMU_00001/build/CROMU_00001/Src/libcgc.o /home/lcm/github/spear/spear-code/code_coverage/CROMU_00001/build/CROMU_00001/Src/mymath.o /home/lcm/github/spear/spear-code/code_coverage/CROMU_00001/build/CROMU_00001/Src/printf.o /home/lcm/github/spear/spear-code/code_coverage/CROMU_00001/build/CROMU_00001/Src/service.o /home/lcm/github/spear/spear-code/code_coverage/CROMU_00001/build/CROMU_00001/Src/stdlib.o  -L"/home/lcm/github/spear/spear-code/code_coverage/runtime/build" -lCoverageRuntime -Wl,-rpath,"/home/lcm/github/spear/spear-code/code_coverage/runtime/build" -lm -o /home/lcm/github/spear/spear-code/code_coverage/CROMU_00001/build/cromu_00001
make: Leaving directory '/home/lcm/github/spear/spear-code/code_coverage/CROMU_00001'
 
